<?xml version="1.0" encoding="UTF-8"?>
<!-- Generated by org.testng.reporters.JUnitReportReporter -->
<testsuite skipped="0" hostname="LAPTOP-P6JVKOG4" name="com.webappsecurity.tests.SampleMyMoneyMapTest" tests="1" failures="0" timestamp="21 Sep 2019 16:19:37 GMT" time="4.512" errors="0">
  <testcase name="viewMyMoneyMap" time="4.512" classname="com.webappsecurity.tests.SampleMyMoneyMapTest"/>
</testsuite> <!-- com.webappsecurity.tests.SampleMyMoneyMapTest -->
