<?xml version="1.0" encoding="UTF-8"?>
<!-- Generated by org.testng.reporters.JUnitReportReporter -->
<testsuite skipped="0" hostname="LAPTOP-P6JVKOG4" name="com.webappsecurity.tests.MyMoneyMap" tests="1" failures="0" timestamp="21 Sep 2019 22:06:20 GMT" time="6.288" errors="0">
  <testcase name="viewMyMoneyMap" time="6.288" classname="com.webappsecurity.tests.MyMoneyMap"/>
</testsuite> <!-- com.webappsecurity.tests.MyMoneyMap -->
