<?xml version="1.0" encoding="UTF-8"?>
<!-- Generated by org.testng.reporters.JUnitReportReporter -->
<testsuite skipped="0" hostname="LAPTOP-P6JVKOG4" name="com.webappsecurity.tests.ViewAccountSummary" tests="1" failures="0" timestamp="21 Sep 2019 21:42:08 GMT" time="1.207" errors="0">
  <testcase name="viewSummary" time="1.207" classname="com.webappsecurity.tests.ViewAccountSummary"/>
</testsuite> <!-- com.webappsecurity.tests.ViewAccountSummary -->
